C:\USERS\Олег\DOCUMENTS\VISUAL STUDIO 2012\PROJECTS\OS_PZ_3_DLL\OS_PZ_3_DLL\DEBUG\OS_PZ_3_DLL.PCH
C:\USERS\Олег\DOCUMENTS\VISUAL STUDIO 2012\PROJECTS\OS_PZ_3_DLL\OS_PZ_3_DLL\DEBUG\STDAFX.OBJ
C:\USERS\ОЛЕГ\DOCUMENTS\VISUAL STUDIO 2012\PROJECTS\OS_PZ_3_DLL\OS_PZ_3_DLL\DEBUG\VC110.PDB
C:\USERS\Олег\DOCUMENTS\VISUAL STUDIO 2012\PROJECTS\OS_PZ_3_DLL\OS_PZ_3_DLL\DEBUG\DLLMAIN.OBJ
C:\USERS\Олег\DOCUMENTS\VISUAL STUDIO 2012\PROJECTS\OS_PZ_3_DLL\OS_PZ_3_DLL\DEBUG\OS_PZ_3_DLL.OBJ
c:\users\олег\documents\visual studio 2012\Projects\OS_PZ_3_DLL\Debug\OS_PZ_3_DLL.lib
c:\users\олег\documents\visual studio 2012\Projects\OS_PZ_3_DLL\Debug\OS_PZ_3_DLL.exp
c:\Users\Олег\documents\visual studio 2012\Projects\OS_PZ_3_DLL\OS_PZ_3_DLL\Debug\dllmain.obj
c:\Users\Олег\documents\visual studio 2012\Projects\OS_PZ_3_DLL\OS_PZ_3_DLL\Debug\OS_PZ_3_DLL.obj
c:\Users\Олег\documents\visual studio 2012\Projects\OS_PZ_3_DLL\OS_PZ_3_DLL\Debug\stdafx.obj
c:\Users\Олег\documents\visual studio 2012\Projects\OS_PZ_3_DLL\OS_PZ_3_DLL\Debug\cl.command.1.tlog
c:\Users\Олег\documents\visual studio 2012\Projects\OS_PZ_3_DLL\OS_PZ_3_DLL\Debug\CL.read.1.tlog
c:\Users\Олег\documents\visual studio 2012\Projects\OS_PZ_3_DLL\OS_PZ_3_DLL\Debug\CL.write.1.tlog
c:\Users\Олег\documents\visual studio 2012\Projects\OS_PZ_3_DLL\OS_PZ_3_DLL\Debug\link-cvtres.read.1.tlog
c:\Users\Олег\documents\visual studio 2012\Projects\OS_PZ_3_DLL\OS_PZ_3_DLL\Debug\link-cvtres.write.1.tlog
c:\Users\Олег\documents\visual studio 2012\Projects\OS_PZ_3_DLL\OS_PZ_3_DLL\Debug\link-rc.read.1.tlog
c:\Users\Олег\documents\visual studio 2012\Projects\OS_PZ_3_DLL\OS_PZ_3_DLL\Debug\link-rc.write.1.tlog
c:\Users\Олег\documents\visual studio 2012\Projects\OS_PZ_3_DLL\OS_PZ_3_DLL\Debug\link.14896-cvtres.read.1.tlog
c:\Users\Олег\documents\visual studio 2012\Projects\OS_PZ_3_DLL\OS_PZ_3_DLL\Debug\link.14896-cvtres.write.1.tlog
c:\Users\Олег\documents\visual studio 2012\Projects\OS_PZ_3_DLL\OS_PZ_3_DLL\Debug\link.14896-rc.read.1.tlog
c:\Users\Олег\documents\visual studio 2012\Projects\OS_PZ_3_DLL\OS_PZ_3_DLL\Debug\link.14896-rc.write.1.tlog
c:\Users\Олег\documents\visual studio 2012\Projects\OS_PZ_3_DLL\OS_PZ_3_DLL\Debug\link.14896.read.1.tlog
c:\Users\Олег\documents\visual studio 2012\Projects\OS_PZ_3_DLL\OS_PZ_3_DLL\Debug\link.14896.write.1.tlog
c:\Users\Олег\documents\visual studio 2012\Projects\OS_PZ_3_DLL\OS_PZ_3_DLL\Debug\link.15164-cvtres.read.1.tlog
c:\Users\Олег\documents\visual studio 2012\Projects\OS_PZ_3_DLL\OS_PZ_3_DLL\Debug\link.15164-cvtres.write.1.tlog
c:\Users\Олег\documents\visual studio 2012\Projects\OS_PZ_3_DLL\OS_PZ_3_DLL\Debug\link.15164-rc.read.1.tlog
c:\Users\Олег\documents\visual studio 2012\Projects\OS_PZ_3_DLL\OS_PZ_3_DLL\Debug\link.15164-rc.write.1.tlog
c:\Users\Олег\documents\visual studio 2012\Projects\OS_PZ_3_DLL\OS_PZ_3_DLL\Debug\link.15164.read.1.tlog
c:\Users\Олег\documents\visual studio 2012\Projects\OS_PZ_3_DLL\OS_PZ_3_DLL\Debug\link.15164.write.1.tlog
c:\Users\Олег\documents\visual studio 2012\Projects\OS_PZ_3_DLL\OS_PZ_3_DLL\Debug\link.8496-cvtres.read.1.tlog
c:\Users\Олег\documents\visual studio 2012\Projects\OS_PZ_3_DLL\OS_PZ_3_DLL\Debug\link.8496-cvtres.write.1.tlog
c:\Users\Олег\documents\visual studio 2012\Projects\OS_PZ_3_DLL\OS_PZ_3_DLL\Debug\link.8496-rc.read.1.tlog
c:\Users\Олег\documents\visual studio 2012\Projects\OS_PZ_3_DLL\OS_PZ_3_DLL\Debug\link.8496-rc.write.1.tlog
c:\Users\Олег\documents\visual studio 2012\Projects\OS_PZ_3_DLL\OS_PZ_3_DLL\Debug\link.8496.read.1.tlog
c:\Users\Олег\documents\visual studio 2012\Projects\OS_PZ_3_DLL\OS_PZ_3_DLL\Debug\link.8496.write.1.tlog
c:\Users\Олег\documents\visual studio 2012\Projects\OS_PZ_3_DLL\OS_PZ_3_DLL\Debug\link.command.1.tlog
c:\Users\Олег\documents\visual studio 2012\Projects\OS_PZ_3_DLL\OS_PZ_3_DLL\Debug\link.read.1.tlog
c:\Users\Олег\documents\visual studio 2012\Projects\OS_PZ_3_DLL\OS_PZ_3_DLL\Debug\link.write.1.tlog
c:\Users\Олег\documents\visual studio 2012\Projects\OS_PZ_3_DLL\OS_PZ_3_DLL\Debug\OS_PZ_3_DLL.write.1.tlog
c:\Users\Олег\documents\visual studio 2012\Projects\OS_PZ_3_DLL\OS_PZ_3_DLL\Debug\OS_PZ_3_DLL.pch
c:\Users\Олег\documents\visual studio 2012\Projects\OS_PZ_3_DLL\OS_PZ_3_DLL\Debug\vc110.idb
c:\Users\Олег\documents\visual studio 2012\Projects\OS_PZ_3_DLL\OS_PZ_3_DLL\Debug\vc110.pdb
c:\users\олег\documents\visual studio 2012\Projects\OS_PZ_3_DLL\Debug\OS_PZ_3_DLL.pdb
