C:\USERS\Олег\DOCUMENTS\VISUAL STUDIO 2012\PROJECTS\OPERATINGSYSTEMS\OS_PZ_2\OS_PZ_2\DEBUG\OS_PZ_2.PCH
C:\USERS\Олег\DOCUMENTS\VISUAL STUDIO 2012\PROJECTS\OPERATINGSYSTEMS\OS_PZ_2\OS_PZ_2\DEBUG\STDAFX.OBJ
C:\USERS\ОЛЕГ\DOCUMENTS\VISUAL STUDIO 2012\PROJECTS\OPERATINGSYSTEMS\OS_PZ_2\OS_PZ_2\DEBUG\VC110.PDB
C:\USERS\Олег\DOCUMENTS\VISUAL STUDIO 2012\PROJECTS\OPERATINGSYSTEMS\OS_PZ_2\OS_PZ_2\DEBUG\BIGINT.OBJ
C:\USERS\Олег\DOCUMENTS\VISUAL STUDIO 2012\PROJECTS\OPERATINGSYSTEMS\OS_PZ_2\OS_PZ_2\DEBUG\OS_PZ_2.OBJ
C:\USERS\Олег\DOCUMENTS\VISUAL STUDIO 2012\PROJECTS\OPERATINGSYSTEMS\OS_PZ_2\DEBUG\OS_PZ_2.ILK
C:\USERS\Олег\DOCUMENTS\VISUAL STUDIO 2012\PROJECTS\OPERATINGSYSTEMS\OS_PZ_2\DEBUG\OS_PZ_2.EXE
C:\USERS\ОЛЕГ\DOCUMENTS\VISUAL STUDIO 2012\PROJECTS\OPERATINGSYSTEMS\OS_PZ_2\DEBUG\OS_PZ_2.PDB
C:\Users\Олег\Documents\Visual Studio 2012\Projects\OperatingSystems\OS_PZ_2\OS_PZ_2\Debug\BigInt.obj
C:\Users\Олег\Documents\Visual Studio 2012\Projects\OperatingSystems\OS_PZ_2\OS_PZ_2\Debug\OS_PZ_2.obj
C:\Users\Олег\Documents\Visual Studio 2012\Projects\OperatingSystems\OS_PZ_2\OS_PZ_2\Debug\stdafx.obj
C:\Users\Олег\Documents\Visual Studio 2012\Projects\OperatingSystems\OS_PZ_2\OS_PZ_2\Debug\cl.command.1.tlog
C:\Users\Олег\Documents\Visual Studio 2012\Projects\OperatingSystems\OS_PZ_2\OS_PZ_2\Debug\CL.read.1.tlog
C:\Users\Олег\Documents\Visual Studio 2012\Projects\OperatingSystems\OS_PZ_2\OS_PZ_2\Debug\CL.write.1.tlog
C:\Users\Олег\Documents\Visual Studio 2012\Projects\OperatingSystems\OS_PZ_2\OS_PZ_2\Debug\link-cvtres.read.1.tlog
C:\Users\Олег\Documents\Visual Studio 2012\Projects\OperatingSystems\OS_PZ_2\OS_PZ_2\Debug\link-cvtres.write.1.tlog
C:\Users\Олег\Documents\Visual Studio 2012\Projects\OperatingSystems\OS_PZ_2\OS_PZ_2\Debug\link-rc.read.1.tlog
C:\Users\Олег\Documents\Visual Studio 2012\Projects\OperatingSystems\OS_PZ_2\OS_PZ_2\Debug\link-rc.write.1.tlog
C:\Users\Олег\Documents\Visual Studio 2012\Projects\OperatingSystems\OS_PZ_2\OS_PZ_2\Debug\link.1408-cvtres.read.1.tlog
C:\Users\Олег\Documents\Visual Studio 2012\Projects\OperatingSystems\OS_PZ_2\OS_PZ_2\Debug\link.1408-cvtres.write.1.tlog
C:\Users\Олег\Documents\Visual Studio 2012\Projects\OperatingSystems\OS_PZ_2\OS_PZ_2\Debug\link.1408-rc.read.1.tlog
C:\Users\Олег\Documents\Visual Studio 2012\Projects\OperatingSystems\OS_PZ_2\OS_PZ_2\Debug\link.1408-rc.write.1.tlog
C:\Users\Олег\Documents\Visual Studio 2012\Projects\OperatingSystems\OS_PZ_2\OS_PZ_2\Debug\link.1408.read.1.tlog
C:\Users\Олег\Documents\Visual Studio 2012\Projects\OperatingSystems\OS_PZ_2\OS_PZ_2\Debug\link.1408.write.1.tlog
C:\Users\Олег\Documents\Visual Studio 2012\Projects\OperatingSystems\OS_PZ_2\OS_PZ_2\Debug\link.4028-cvtres.read.1.tlog
C:\Users\Олег\Documents\Visual Studio 2012\Projects\OperatingSystems\OS_PZ_2\OS_PZ_2\Debug\link.4028-cvtres.write.1.tlog
C:\Users\Олег\Documents\Visual Studio 2012\Projects\OperatingSystems\OS_PZ_2\OS_PZ_2\Debug\link.4028-rc.read.1.tlog
C:\Users\Олег\Documents\Visual Studio 2012\Projects\OperatingSystems\OS_PZ_2\OS_PZ_2\Debug\link.4028-rc.write.1.tlog
C:\Users\Олег\Documents\Visual Studio 2012\Projects\OperatingSystems\OS_PZ_2\OS_PZ_2\Debug\link.4028.read.1.tlog
C:\Users\Олег\Documents\Visual Studio 2012\Projects\OperatingSystems\OS_PZ_2\OS_PZ_2\Debug\link.4028.write.1.tlog
C:\Users\Олег\Documents\Visual Studio 2012\Projects\OperatingSystems\OS_PZ_2\OS_PZ_2\Debug\link.6116-cvtres.read.1.tlog
C:\Users\Олег\Documents\Visual Studio 2012\Projects\OperatingSystems\OS_PZ_2\OS_PZ_2\Debug\link.6116-cvtres.write.1.tlog
C:\Users\Олег\Documents\Visual Studio 2012\Projects\OperatingSystems\OS_PZ_2\OS_PZ_2\Debug\link.6116-rc.read.1.tlog
C:\Users\Олег\Documents\Visual Studio 2012\Projects\OperatingSystems\OS_PZ_2\OS_PZ_2\Debug\link.6116-rc.write.1.tlog
C:\Users\Олег\Documents\Visual Studio 2012\Projects\OperatingSystems\OS_PZ_2\OS_PZ_2\Debug\link.6116.read.1.tlog
C:\Users\Олег\Documents\Visual Studio 2012\Projects\OperatingSystems\OS_PZ_2\OS_PZ_2\Debug\link.6116.write.1.tlog
C:\Users\Олег\Documents\Visual Studio 2012\Projects\OperatingSystems\OS_PZ_2\OS_PZ_2\Debug\link.command.1.tlog
C:\Users\Олег\Documents\Visual Studio 2012\Projects\OperatingSystems\OS_PZ_2\OS_PZ_2\Debug\link.read.1.tlog
C:\Users\Олег\Documents\Visual Studio 2012\Projects\OperatingSystems\OS_PZ_2\OS_PZ_2\Debug\link.write.1.tlog
C:\Users\Олег\Documents\Visual Studio 2012\Projects\OperatingSystems\OS_PZ_2\OS_PZ_2\Debug\OS_PZ_2.pch
C:\Users\Олег\Documents\Visual Studio 2012\Projects\OperatingSystems\OS_PZ_2\OS_PZ_2\Debug\vc110.idb
C:\Users\Олег\Documents\Visual Studio 2012\Projects\OperatingSystems\OS_PZ_2\OS_PZ_2\Debug\vc110.pdb
C:\Users\Олег\Documents\Visual Studio 2012\Projects\OperatingSystems\OS_PZ_2\Debug\OS_PZ_2.pdb
C:\Users\Олег\Documents\Visual Studio 2012\Projects\OperatingSystems\OS_PZ_2\Debug\OS_PZ_2.exe
C:\Users\Олег\Documents\Visual Studio 2012\Projects\OperatingSystems\OS_PZ_2\Debug\OS_PZ_2.ilk
