C:\USERS\Олег\DOCUMENTS\VISUAL STUDIO 2012\PROJECTS\OS_PZ_2_DYNAMIC\OS_PZ_2_DYNAMIC\DEBUG\OS_PZ_2_DYNAMIC.PCH
C:\USERS\Олег\DOCUMENTS\VISUAL STUDIO 2012\PROJECTS\OS_PZ_2_DYNAMIC\OS_PZ_2_DYNAMIC\DEBUG\STDAFX.OBJ
C:\USERS\ОЛЕГ\DOCUMENTS\VISUAL STUDIO 2012\PROJECTS\OS_PZ_2_DYNAMIC\OS_PZ_2_DYNAMIC\DEBUG\VC110.PDB
C:\USERS\Олег\DOCUMENTS\VISUAL STUDIO 2012\PROJECTS\OS_PZ_2_DYNAMIC\OS_PZ_2_DYNAMIC\DEBUG\OS_PZ_2_DYNAMIC.OBJ
C:\Users\Олег\documents\visual studio 2012\Projects\OS_PZ_2_Dynamic\OS_PZ_2_Dynamic\Debug\OS_PZ_2_Dynamic.obj
C:\Users\Олег\documents\visual studio 2012\Projects\OS_PZ_2_Dynamic\OS_PZ_2_Dynamic\Debug\stdafx.obj
C:\Users\Олег\documents\visual studio 2012\Projects\OS_PZ_2_Dynamic\OS_PZ_2_Dynamic\Debug\cl.command.1.tlog
C:\Users\Олег\documents\visual studio 2012\Projects\OS_PZ_2_Dynamic\OS_PZ_2_Dynamic\Debug\CL.read.1.tlog
C:\Users\Олег\documents\visual studio 2012\Projects\OS_PZ_2_Dynamic\OS_PZ_2_Dynamic\Debug\CL.write.1.tlog
C:\Users\Олег\documents\visual studio 2012\Projects\OS_PZ_2_Dynamic\OS_PZ_2_Dynamic\Debug\link-cvtres.read.1.tlog
C:\Users\Олег\documents\visual studio 2012\Projects\OS_PZ_2_Dynamic\OS_PZ_2_Dynamic\Debug\link-cvtres.write.1.tlog
C:\Users\Олег\documents\visual studio 2012\Projects\OS_PZ_2_Dynamic\OS_PZ_2_Dynamic\Debug\link-rc.read.1.tlog
C:\Users\Олег\documents\visual studio 2012\Projects\OS_PZ_2_Dynamic\OS_PZ_2_Dynamic\Debug\link-rc.write.1.tlog
C:\Users\Олег\documents\visual studio 2012\Projects\OS_PZ_2_Dynamic\OS_PZ_2_Dynamic\Debug\link.command.1.tlog
C:\Users\Олег\documents\visual studio 2012\Projects\OS_PZ_2_Dynamic\OS_PZ_2_Dynamic\Debug\link.read.1.tlog
C:\Users\Олег\documents\visual studio 2012\Projects\OS_PZ_2_Dynamic\OS_PZ_2_Dynamic\Debug\link.write.1.tlog
C:\Users\Олег\documents\visual studio 2012\Projects\OS_PZ_2_Dynamic\OS_PZ_2_Dynamic\Debug\OS_PZ_2_Dynamic.pch
C:\Users\Олег\documents\visual studio 2012\Projects\OS_PZ_2_Dynamic\OS_PZ_2_Dynamic\Debug\vc110.idb
C:\Users\Олег\documents\visual studio 2012\Projects\OS_PZ_2_Dynamic\OS_PZ_2_Dynamic\Debug\vc110.pdb
C:\Users\Олег\documents\visual studio 2012\Projects\OS_PZ_2_Dynamic\Debug\OS_PZ_2_Dynamic.pdb
